<?xml version="1.0" encoding="UTF-8"?>
<testng-results ignored="0" total="1" passed="1" failed="0" skipped="0">
  <reporter-output>
  </reporter-output>
  <suite started-at="2023-07-25T19:08:37 CEST" name="Default suite" finished-at="2023-07-25T19:08:56 CEST" duration-ms="18839">
    <groups>
    </groups>
    <test started-at="2023-07-25T19:08:37 CEST" name="Default test" finished-at="2023-07-25T19:08:56 CEST" duration-ms="18839">
      <class name="rahulshettyacademy.JovanovskiLabaratory.Example_Basic_code">
        <test-method signature="Example()[pri:0, instance:rahulshettyacademy.JovanovskiLabaratory.Example_Basic_code@13fd2ccd]" started-at="2023-07-25T19:08:37 CEST" name="Example" finished-at="2023-07-25T19:08:56 CEST" duration-ms="18796" status="PASS">
          <reporter-output>
          </reporter-output>
        </test-method> <!-- Example -->
      </class> <!-- rahulshettyacademy.JovanovskiLabaratory.Example_Basic_code -->
    </test> <!-- Default test -->
  </suite> <!-- Default suite -->
</testng-results>
