<?xml version="1.0" encoding="UTF-8"?>
<testsuite xmlns:xsi="http://www.w3.org/2001/XMLSchema-instance" xsi:noNamespaceSchemaLocation="https://maven.apache.org/surefire/maven-surefire-plugin/xsd/surefire-test-report-3.0.xsd" version="3.0" name="TestSuite" time="2.362" tests="3" errors="0" skipped="0" failures="3">
  <properties>
[...]
</properties>
  <testcase name="ttileCheckGoogle" classname="rahulshettyacademy.TestDemo2" time="1.591">
    <failure message="Could not start a new session. Possible causes are invalid address of the remote server or browser start-up failure. &#10;Host info: host: &apos;DESKTOP-SKDRLNI&apos;, ip: &apos;192.168.0.28&apos;" type="org.openqa.selenium.SessionNotCreatedException"><![CDATA[org.openqa.selenium.SessionNotCreatedException: 
Could not start a new session. Possible causes are invalid address of the remote server or browser start-up failure. 
Host info: host: 'DESKTOP-SKDRLNI', ip: '192.168.0.28'
	at rahulshettyacademy.TestDemo2.ttileCheckGoogle(TestDemo2.java:19)
Caused by: org.openqa.selenium.WebDriverException: 
Automate testing time expired.
Build info: version: '4.8.3', revision: 'e5e76298c3'
System info: os.name: 'Windows 10', os.arch: 'amd64', os.version: '10.0', java.version: '17.0.1'
Driver info: driver.version: RemoteWebDriver
remote stacktrace: 
	at rahulshettyacademy.TestDemo2.ttileCheckGoogle(TestDemo2.java:19)
]]></failure>
    <system-err><![CDATA[Mar 31, 2023 1:09:01 PM org.openqa.selenium.remote.tracing.opentelemetry.OpenTelemetryTracer createTracer
INFO: Using OpenTelemetry for tracing
]]></system-err>
  </testcase>
  <testcase name="ttileCheckGoogle" classname="rahulshettyacademy.TestDemo2" time="1.591">
    <failure message="Could not start a new session. Possible causes are invalid address of the remote server or browser start-up failure. &#10;Host info: host: &apos;DESKTOP-SKDRLNI&apos;, ip: &apos;192.168.0.28&apos;" type="org.openqa.selenium.SessionNotCreatedException"><![CDATA[org.openqa.selenium.SessionNotCreatedException: 
Could not start a new session. Possible causes are invalid address of the remote server or browser start-up failure. 
Host info: host: 'DESKTOP-SKDRLNI', ip: '192.168.0.28'
	at rahulshettyacademy.TestDemo2.ttileCheckGoogle(TestDemo2.java:19)
Caused by: org.openqa.selenium.WebDriverException: 
The property '#/firstMatch/0/bstack:options' contains additional properties ["parallelsPerPlatform"] outside of the schema when none are allowed in the payload.
Build info: version: '4.8.3', revision: 'e5e76298c3'
System info: os.name: 'Windows 10', os.arch: 'amd64', os.version: '10.0', java.version: '17.0.1'
Driver info: driver.version: RemoteWebDriver
remote stacktrace: 
	at rahulshettyacademy.TestDemo2.ttileCheckGoogle(TestDemo2.java:19)
]]></failure>
  </testcase>
  <testcase name="ttileCheckGoogle" classname="rahulshettyacademy.TestDemo2" time="1.591">
    <failure message="Could not start a new session. Possible causes are invalid address of the remote server or browser start-up failure. &#10;Host info: host: &apos;DESKTOP-SKDRLNI&apos;, ip: &apos;192.168.0.28&apos;" type="org.openqa.selenium.SessionNotCreatedException"><![CDATA[org.openqa.selenium.SessionNotCreatedException: 
Could not start a new session. Possible causes are invalid address of the remote server or browser start-up failure. 
Host info: host: 'DESKTOP-SKDRLNI', ip: '192.168.0.28'
	at rahulshettyacademy.TestDemo2.ttileCheckGoogle(TestDemo2.java:19)
Caused by: org.openqa.selenium.WebDriverException: 
Automate testing time expired.
Build info: version: '4.8.3', revision: 'e5e76298c3'
System info: os.name: 'Windows 10', os.arch: 'amd64', os.version: '10.0', java.version: '17.0.1'
Driver info: driver.version: RemoteWebDriver
remote stacktrace: 
	at rahulshettyacademy.TestDemo2.ttileCheckGoogle(TestDemo2.java:19)
]]></failure>
  </testcase>
</testsuite>