<?xml version="1.0" encoding="UTF-8"?>
<testng-results ignored="0" total="1" passed="1" failed="0" skipped="0">
  <reporter-output>
  </reporter-output>
  <suite started-at="2023-01-21T21:39:06 CET" name="Default suite" finished-at="2023-01-21T21:39:06 CET" duration-ms="49">
    <groups>
    </groups>
    <test started-at="2023-01-21T21:39:06 CET" name="Default test" finished-at="2023-01-21T21:39:06 CET" duration-ms="49">
      <class name="Section14.Test1">
        <test-method signature="streamCollect()[pri:0, instance:Section14.Test1@1de5f259]" started-at="2023-01-21T21:39:06 CET" name="streamCollect" finished-at="2023-01-21T21:39:06 CET" duration-ms="9" status="PASS">
          <reporter-output>
          </reporter-output>
        </test-method> <!-- streamCollect -->
      </class> <!-- Section14.Test1 -->
    </test> <!-- Default test -->
  </suite> <!-- Default suite -->
</testng-results>
