<?xml version="1.0" encoding="UTF-8"?>
<testng-results ignored="0" total="1" passed="1" failed="0" skipped="0">
  <reporter-output>
  </reporter-output>
  <suite started-at="2023-05-22T12:29:45 CEST" name="Suite" finished-at="2023-05-22T12:30:01 CEST" duration-ms="16142">
    <groups>
    </groups>
    <test started-at="2023-05-22T12:29:45 CEST" name="Test" finished-at="2023-05-22T12:30:01 CEST" duration-ms="16142">
      <class name="rahulshettyacademy.JovanovskiLabaratory.Example_Basic_code">
        <test-method signature="Example()[pri:0, instance:rahulshettyacademy.JovanovskiLabaratory.Example_Basic_code@2ef3eef9]" started-at="2023-05-22T12:29:45 CEST" name="Example" finished-at="2023-05-22T12:30:01 CEST" duration-ms="16112" status="PASS">
          <reporter-output>
          </reporter-output>
        </test-method> <!-- Example -->
      </class> <!-- rahulshettyacademy.JovanovskiLabaratory.Example_Basic_code -->
    </test> <!-- Test -->
  </suite> <!-- Suite -->
</testng-results>
