<?xml version="1.0" encoding="UTF-8"?>
<!-- Generated by org.testng.reporters.JUnitXMLReporter -->
<testsuite ignored="0" hostname="DESKTOP-SKDRLNI" failures="0" tests="3" name="Default test" time="0.495" errors="0" timestamp="2023-03-14T12:40:17 CET">
  <testcase classname="dataDriven.excelDataProvider.dataProvider" name="testCaseData" time="0.007"/>
  <testcase classname="dataDriven.excelDataProvider.dataProvider" name="testCaseData" time="0.001"/>
  <testcase classname="dataDriven.excelDataProvider.dataProvider" name="testCaseData" time="0.001"/>
</testsuite> <!-- Default test -->
