<?xml version="1.0" encoding="UTF-8"?>
<!-- Generated by org.testng.reporters.JUnitXMLReporter -->
<testsuite ignored="2" hostname="DESKTOP-SKDRLNI" failures="0" tests="5" name="Car Loan" time="0.05" errors="0" timestamp="2023-03-13T11:18:50 CET">
  <testcase classname="test.Day3" name="MobileLoginCarLoan" time="0.003"/>
  <testcase classname="test.Day3" name="MobileSignOutCarLoan" time="0.001"/>
  <testcase classname="test.Day3" name="MobileSignOutCarLoan" time="0.001"/>
  <testcase classname="test.Day3" name="MobileSignOutCarLoan" time="0.001"/>
  <testcase classname="test.Day3" name="WebLoginCarLoan" time="0.0"/>
  <testcase classname="test.Day3" name="APICarLoan" time="0.0">
    <ignored/>
  </testcase> <!-- APICarLoan -->
  <testcase classname="test.Day3" name="MobileSignInCarLoan" time="0.0">
    <ignored/>
  </testcase> <!-- MobileSignInCarLoan -->
</testsuite> <!-- Car Loan -->
