<?xml version="1.0" encoding="UTF-8"?>
<!-- Generated by org.testng.reporters.JUnitXMLReporter -->
<testsuite ignored="3" hostname="DESKTOP-SKDRLNI" failures="0" tests="8" name="Regression" time="0.042" errors="0" timestamp="2023-01-29T21:35:57 CET">
  <testcase classname="test.Day1" name="Demo" time="0.003"/>
  <testcase classname="test.Day1" name="SecondTest" time="0.001"/>
  <testcase classname="test.Day3" name="APICarLoan" time="0.001"/>
  <testcase classname="test.Day3" name="MobileSignInCarLoan" time="0.001"/>
  <testcase classname="test.Day3" name="MobileSignOutCarLoan" time="0.001"/>
  <testcase classname="test.Day3" name="WebLogin" time="0.001"/>
  <testcase classname="test.Day4" name="LoginApiHomeLoan" time="0.001"/>
  <testcase classname="test.Day4" name="WebLoginHomeLoan" time="0.0"/>
  <testcase classname="test.Day4" name="MobileLoginHomeLoan" time="0.0">
    <ignored/>
  </testcase> <!-- MobileLoginHomeLoan -->
  <testcase classname="test.Day3" name="MobileLoginCarLoan" time="0.0">
    <ignored/>
  </testcase> <!-- MobileLoginCarLoan -->
  <testcase classname="test.Day2" name="Ploan" time="0.0">
    <ignored/>
  </testcase> <!-- Ploan -->
</testsuite> <!-- Regression -->
