<?xml version="1.0" encoding="UTF-8"?>
<!-- Generated by org.testng.reporters.JUnitXMLReporter -->
<testsuite ignored="0" hostname="DESKTOP-SKDRLNI" failures="0" tests="4" name="Test" time="0.033" errors="0" timestamp="2023-04-15T12:44:09 CEST">
  <testcase classname="qaclickacademy.SeleniumTest" name="BrowserAutomation" time="0.003"/>
  <testcase classname="qaclickacademy.SeleniumTest" name="elementsUI" time="0.0"/>
  <testcase classname="qaclickacademy.RestApiTest" name="DeleteTwitter" time="0.0"/>
  <testcase classname="qaclickacademy.RestApiTest" name="PostJira" time="0.001"/>
</testsuite> <!-- Test -->
