<?xml version="1.0" encoding="UTF-8"?>
<testng-results ignored="0" total="2" passed="2" failed="0" skipped="0">
  <reporter-output>
  </reporter-output>
  <suite started-at="2023-03-13T13:08:48 CET" name="Suite" finished-at="2023-03-13T13:08:57 CET" duration-ms="9125">
    <groups>
    </groups>
    <test started-at="2023-03-13T13:08:48 CET" name="Test" finished-at="2023-03-13T13:08:57 CET" duration-ms="9125">
      <class name="GoogleTest">
        <test-method signature="HomePageCheck()[pri:0, instance:GoogleTest@61386958]" started-at="2023-03-13T13:08:48 CET" name="HomePageCheck" finished-at="2023-03-13T13:08:52 CET" duration-ms="3562" status="PASS">
          <reporter-output>
          </reporter-output>
        </test-method> <!-- HomePageCheck -->
      </class> <!-- GoogleTest -->
      <class name="RSATest">
        <test-method signature="HomePageCheck()[pri:0, instance:RSATest@e1de817]" started-at="2023-03-13T13:08:48 CET" name="HomePageCheck" finished-at="2023-03-13T13:08:57 CET" duration-ms="9090" status="PASS">
          <reporter-output>
          </reporter-output>
        </test-method> <!-- HomePageCheck -->
      </class> <!-- RSATest -->
    </test> <!-- Test -->
  </suite> <!-- Suite -->
</testng-results>
