<?xml version="1.0" encoding="UTF-8"?>
<testng-results ignored="0" total="4" passed="4" failed="0" skipped="0">
  <reporter-output>
  </reporter-output>
  <suite started-at="2023-04-15T12:44:09 CEST" name="Suite" finished-at="2023-04-15T12:44:09 CEST" duration-ms="33">
    <groups>
    </groups>
    <test started-at="2023-04-15T12:44:09 CEST" name="Test" finished-at="2023-04-15T12:44:09 CEST" duration-ms="33">
      <class name="qaclickacademy.RestApiTest">
        <test-method signature="DeleteTwitter()[pri:0, instance:qaclickacademy.RestApiTest@291ae]" started-at="2023-04-15T12:44:09 CEST" name="DeleteTwitter" finished-at="2023-04-15T12:44:09 CEST" duration-ms="0" status="PASS">
          <reporter-output>
          </reporter-output>
        </test-method> <!-- DeleteTwitter -->
        <test-method signature="PostJira()[pri:0, instance:qaclickacademy.RestApiTest@291ae]" started-at="2023-04-15T12:44:09 CEST" name="PostJira" finished-at="2023-04-15T12:44:09 CEST" duration-ms="1" status="PASS">
          <reporter-output>
          </reporter-output>
        </test-method> <!-- PostJira -->
      </class> <!-- qaclickacademy.RestApiTest -->
      <class name="qaclickacademy.SeleniumTest">
        <test-method signature="BrowserAutomation()[pri:0, instance:qaclickacademy.SeleniumTest@3c407114]" started-at="2023-04-15T12:44:09 CEST" name="BrowserAutomation" finished-at="2023-04-15T12:44:09 CEST" duration-ms="3" status="PASS">
          <reporter-output>
          </reporter-output>
        </test-method> <!-- BrowserAutomation -->
        <test-method signature="elementsUI()[pri:0, instance:qaclickacademy.SeleniumTest@3c407114]" started-at="2023-04-15T12:44:09 CEST" name="elementsUI" finished-at="2023-04-15T12:44:09 CEST" duration-ms="0" status="PASS">
          <reporter-output>
          </reporter-output>
        </test-method> <!-- elementsUI -->
      </class> <!-- qaclickacademy.SeleniumTest -->
    </test> <!-- Test -->
  </suite> <!-- Suite -->
</testng-results>
